app/build/intermediates/manifest_merge_blame_file/debug/manifest-merger-blame-debug-report.txt
1<?xml version="1.0" encoding="utf-8"?>
2<manifest xmlns:android="http://schemas.android.com/apk/res/android"
3    package="com.kimganteng.myapplication"
4    android:versionCode="1"
5    android:versionName="1.0" >
6
7    <uses-sdk
8        android:minSdkVersion="21"
8-->src\main\AndroidManifest.xml
9        android:targetSdkVersion="31" />
9-->src\main\AndroidManifest.xml
10
11    <uses-permission android:name="android.permission.ACCESS_NETWORK_STATE" />
11-->src\main\AndroidManifest.xml:6:5-79
11-->src\main\AndroidManifest.xml:6:22-76
12    <uses-permission android:name="android.permission.INTERNET" />
12-->src\main\AndroidManifest.xml:7:5-67
12-->src\main\AndroidManifest.xml:7:22-64
13    <uses-permission android:name="com.google.android.gms.permission.AD_ID" />
13-->src\main\AndroidManifest.xml:8:5-79
13-->src\main\AndroidManifest.xml:8:22-76
14    <uses-permission android:name="android.permission.SYSTEM_ALERT_WINDOW" /> <!-- Create a unique permission for your app and use it so only your app can receive your OneSignal messages. -->
14-->[:ArmanAdsV2] AndroidManifest.xml:12:5-78
14-->[:ArmanAdsV2] AndroidManifest.xml:12:22-75
15    <permission
15-->[com.onesignal:OneSignal:4.8.3] AndroidManifest.xml:7:5-9:47
16        android:name="com.kimganteng.myapplication.permission.C2D_MESSAGE"
16-->[com.onesignal:OneSignal:4.8.3] AndroidManifest.xml:8:9-63
17        android:protectionLevel="signature" />
17-->[com.onesignal:OneSignal:4.8.3] AndroidManifest.xml:9:9-44
18
19    <uses-permission android:name="com.kimganteng.myapplication.permission.C2D_MESSAGE" /> <!-- OneSignal SDK has runtime checks Android version. -->
19-->[com.onesignal:OneSignal:4.8.3] AndroidManifest.xml:11:5-79
19-->[com.onesignal:OneSignal:4.8.3] AndroidManifest.xml:11:22-76
20    <!-- <uses-sdk tools:overrideLibrary="android.support.customtabs"/> -->
21    <!-- Required runtime permission to display notifications on Android 13 -->
22    <uses-permission android:name="android.permission.POST_NOTIFICATIONS" /> <!-- c2dm RECEIVE are basic requirements for push messages through Google's FCM -->
22-->[com.onesignal:OneSignal:4.8.3] AndroidManifest.xml:16:5-77
22-->[com.onesignal:OneSignal:4.8.3] AndroidManifest.xml:16:22-74
23    <uses-permission android:name="com.google.android.c2dm.permission.RECEIVE" /> <!-- Required, makes sure notifications are delivered on time. -->
23-->[com.onesignal:OneSignal:4.8.3] AndroidManifest.xml:18:5-82
23-->[com.onesignal:OneSignal:4.8.3] AndroidManifest.xml:18:22-79
24    <uses-permission android:name="android.permission.WAKE_LOCK" />
24-->[com.onesignal:OneSignal:4.8.3] AndroidManifest.xml:19:5-68
24-->[com.onesignal:OneSignal:4.8.3] AndroidManifest.xml:19:22-65
25    <!--
26 Required so the device vibrates on receiving a push notification.
27         Vibration settings of the device still apply.
28    -->
29    <uses-permission android:name="android.permission.VIBRATE" />
29-->[com.onesignal:OneSignal:4.8.3] AndroidManifest.xml:24:5-66
29-->[com.onesignal:OneSignal:4.8.3] AndroidManifest.xml:24:22-63
30    <!--
31 Use to restore notifications the user hasn't interacted with.
32         They could be missed notifications if the user reboots their device if this isn't in place.
33    -->
34    <uses-permission android:name="android.permission.RECEIVE_BOOT_COMPLETED" /> <!-- START: ShortcutBadger -->
34-->[com.onesignal:OneSignal:4.8.3] AndroidManifest.xml:30:5-81
34-->[com.onesignal:OneSignal:4.8.3] AndroidManifest.xml:30:22-78
35    <!-- Samsung -->
36    <uses-permission android:name="com.sec.android.provider.badge.permission.READ" />
36-->[com.onesignal:OneSignal:4.8.3] AndroidManifest.xml:32:5-86
36-->[com.onesignal:OneSignal:4.8.3] AndroidManifest.xml:32:22-83
37    <uses-permission android:name="com.sec.android.provider.badge.permission.WRITE" /> <!-- HTC -->
37-->[com.onesignal:OneSignal:4.8.3] AndroidManifest.xml:33:5-87
37-->[com.onesignal:OneSignal:4.8.3] AndroidManifest.xml:33:22-84
38    <uses-permission android:name="com.htc.launcher.permission.READ_SETTINGS" />
38-->[com.onesignal:OneSignal:4.8.3] AndroidManifest.xml:34:5-81
38-->[com.onesignal:OneSignal:4.8.3] AndroidManifest.xml:34:22-78
39    <uses-permission android:name="com.htc.launcher.permission.UPDATE_SHORTCUT" /> <!-- Sony -->
39-->[com.onesignal:OneSignal:4.8.3] AndroidManifest.xml:35:5-83
39-->[com.onesignal:OneSignal:4.8.3] AndroidManifest.xml:35:22-80
40    <uses-permission android:name="com.sonyericsson.home.permission.BROADCAST_BADGE" />
40-->[com.onesignal:OneSignal:4.8.3] AndroidManifest.xml:36:5-88
40-->[com.onesignal:OneSignal:4.8.3] AndroidManifest.xml:36:22-85
41    <uses-permission android:name="com.sonymobile.home.permission.PROVIDER_INSERT_BADGE" /> <!-- Apex -->
41-->[com.onesignal:OneSignal:4.8.3] AndroidManifest.xml:37:5-92
41-->[com.onesignal:OneSignal:4.8.3] AndroidManifest.xml:37:22-89
42    <uses-permission android:name="com.anddoes.launcher.permission.UPDATE_COUNT" /> <!-- Solid -->
42-->[com.onesignal:OneSignal:4.8.3] AndroidManifest.xml:38:5-84
42-->[com.onesignal:OneSignal:4.8.3] AndroidManifest.xml:38:22-81
43    <uses-permission android:name="com.majeur.launcher.permission.UPDATE_BADGE" /> <!-- Huawei -->
43-->[com.onesignal:OneSignal:4.8.3] AndroidManifest.xml:39:5-83
43-->[com.onesignal:OneSignal:4.8.3] AndroidManifest.xml:39:22-80
44    <uses-permission android:name="com.huawei.android.launcher.permission.CHANGE_BADGE" />
44-->[com.onesignal:OneSignal:4.8.3] AndroidManifest.xml:40:5-91
44-->[com.onesignal:OneSignal:4.8.3] AndroidManifest.xml:40:22-88
45    <uses-permission android:name="com.huawei.android.launcher.permission.READ_SETTINGS" />
45-->[com.onesignal:OneSignal:4.8.3] AndroidManifest.xml:41:5-92
45-->[com.onesignal:OneSignal:4.8.3] AndroidManifest.xml:41:22-89
46    <uses-permission android:name="com.huawei.android.launcher.permission.WRITE_SETTINGS" /> <!-- ZUK -->
46-->[com.onesignal:OneSignal:4.8.3] AndroidManifest.xml:42:5-93
46-->[com.onesignal:OneSignal:4.8.3] AndroidManifest.xml:42:22-90
47    <uses-permission android:name="android.permission.READ_APP_BADGE" /> <!-- OPPO -->
47-->[com.onesignal:OneSignal:4.8.3] AndroidManifest.xml:43:5-73
47-->[com.onesignal:OneSignal:4.8.3] AndroidManifest.xml:43:22-70
48    <uses-permission android:name="com.oppo.launcher.permission.READ_SETTINGS" />
48-->[com.onesignal:OneSignal:4.8.3] AndroidManifest.xml:44:5-82
48-->[com.onesignal:OneSignal:4.8.3] AndroidManifest.xml:44:22-79
49    <uses-permission android:name="com.oppo.launcher.permission.WRITE_SETTINGS" /> <!-- EvMe -->
49-->[com.onesignal:OneSignal:4.8.3] AndroidManifest.xml:45:5-83
49-->[com.onesignal:OneSignal:4.8.3] AndroidManifest.xml:45:22-80
50    <uses-permission android:name="me.everything.badger.permission.BADGE_COUNT_READ" />
50-->[com.onesignal:OneSignal:4.8.3] AndroidManifest.xml:46:5-88
50-->[com.onesignal:OneSignal:4.8.3] AndroidManifest.xml:46:22-85
51    <uses-permission android:name="me.everything.badger.permission.BADGE_COUNT_WRITE" /> <!-- Android package visibility setting -->
51-->[com.onesignal:OneSignal:4.8.3] AndroidManifest.xml:47:5-89
51-->[com.onesignal:OneSignal:4.8.3] AndroidManifest.xml:47:22-86
52    <queries>
52-->[com.google.android.gms:play-services-ads-lite:21.4.0] AndroidManifest.xml:29:5-45:15
53
54        <!-- For browser content -->
55        <intent>
55-->[com.google.android.gms:play-services-ads-lite:21.4.0] AndroidManifest.xml:32:9-38:18
56            <action android:name="android.intent.action.VIEW" />
56-->[com.onesignal:OneSignal:4.8.3] AndroidManifest.xml:77:17-69
56-->[com.onesignal:OneSignal:4.8.3] AndroidManifest.xml:77:25-66
57
58            <category android:name="android.intent.category.BROWSABLE" />
58-->[com.google.android.gms:play-services-ads-lite:21.4.0] AndroidManifest.xml:35:13-74
58-->[com.google.android.gms:play-services-ads-lite:21.4.0] AndroidManifest.xml:35:23-71
59
60            <data android:scheme="https" />
60-->[com.google.android.gms:play-services-ads-lite:21.4.0] AndroidManifest.xml:37:13-44
60-->[com.google.android.gms:play-services-ads-lite:21.4.0] AndroidManifest.xml:37:19-41
61        </intent>
62        <!-- End of browser content -->
63        <!-- For CustomTabsService -->
64        <intent>
64-->[com.google.android.gms:play-services-ads-lite:21.4.0] AndroidManifest.xml:41:9-43:18
65            <action android:name="android.support.customtabs.action.CustomTabsService" />
65-->[com.google.android.gms:play-services-ads-lite:21.4.0] AndroidManifest.xml:42:13-90
65-->[com.google.android.gms:play-services-ads-lite:21.4.0] AndroidManifest.xml:42:21-87
66        </intent>
67        <!-- End of CustomTabsService -->
68        <package android:name="com.facebook.katana" />
68-->[com.facebook.android:audience-network-sdk:6.12.0] AndroidManifest.xml:12:9-55
68-->[com.facebook.android:audience-network-sdk:6.12.0] AndroidManifest.xml:12:18-52
69
70        <intent>
70-->[com.applovin:applovin-sdk:11.6.0] AndroidManifest.xml:12:9-14:18
71            <action android:name="com.applovin.am.intent.action.APPHUB_SERVICE" />
71-->[com.applovin:applovin-sdk:11.6.0] AndroidManifest.xml:13:13-83
71-->[com.applovin:applovin-sdk:11.6.0] AndroidManifest.xml:13:21-80
72        </intent>
73        <intent>
73-->[com.startapp:inapp-sdk:4.10.2] AndroidManifest.xml:17:9-19:18
74            <action android:name="android.intent.action.MAIN" />
74-->src\main\AndroidManifest.xml:45:17-69
74-->src\main\AndroidManifest.xml:45:25-66
75        </intent>
76    </queries>
77
78    <uses-permission android:name="android.permission.FOREGROUND_SERVICE" />
78-->[androidx.work:work-runtime:2.7.1] AndroidManifest.xml:28:5-77
78-->[androidx.work:work-runtime:2.7.1] AndroidManifest.xml:28:22-74
79    <uses-permission android:name="com.applovin.array.apphub.permission.BIND_APPHUB_SERVICE" /> <!-- Permissions required by Open Measurement SDK -->
79-->[com.applovin:applovin-sdk:11.6.0] AndroidManifest.xml:20:5-96
79-->[com.applovin:applovin-sdk:11.6.0] AndroidManifest.xml:20:22-93
80    <uses-permission android:name="android.permission.ACCESS_WIFI_STATE" />
80-->[com.applovin:applovin-sdk:11.6.0] AndroidManifest.xml:23:5-76
80-->[com.applovin:applovin-sdk:11.6.0] AndroidManifest.xml:23:22-73
81    <uses-permission android:name="com.google.android.finsky.permission.BIND_GET_INSTALL_REFERRER_SERVICE" />
81-->[com.startapp:inapp-sdk:4.10.2] AndroidManifest.xml:13:5-110
81-->[com.startapp:inapp-sdk:4.10.2] AndroidManifest.xml:13:22-107
82
83    <application
83-->src\main\AndroidManifest.xml:10:5-57:19
84        android:name="com.armandroid.armanads.MyApplication"
84-->[:ArmanAdsV2] AndroidManifest.xml:14:18-70
85        android:allowBackup="true"
85-->src\main\AndroidManifest.xml:11:9-35
86        android:appComponentFactory="androidx.core.app.CoreComponentFactory"
86-->[androidx.core:core:1.7.0] AndroidManifest.xml:24:18-86
87        android:debuggable="true"
88        android:icon="@mipmap/ic_launcher"
88-->src\main\AndroidManifest.xml:12:9-43
89        android:label="@string/app_name"
89-->src\main\AndroidManifest.xml:13:9-41
90        android:networkSecurityConfig="@xml/network_config"
90-->src\main\AndroidManifest.xml:14:9-60
91        android:roundIcon="@mipmap/ic_launcher_round"
91-->src\main\AndroidManifest.xml:15:9-54
92        android:supportsRtl="true"
92-->src\main\AndroidManifest.xml:16:9-35
93        android:theme="@style/Theme.MyApplication"
93-->src\main\AndroidManifest.xml:17:9-51
94        android:usesCleartextTraffic="true" >
94-->src\main\AndroidManifest.xml:18:9-44
95        <activity
95-->src\main\AndroidManifest.xml:20:9-23:40
96            android:name="com.kimganteng.myapplication.MediationAdsActivity"
96-->src\main\AndroidManifest.xml:21:13-49
97            android:exported="false"
97-->src\main\AndroidManifest.xml:23:13-37
98            android:screenOrientation="portrait" />
98-->src\main\AndroidManifest.xml:22:13-49
99        <activity
99-->src\main\AndroidManifest.xml:24:9-27:40
100            android:name="com.kimganteng.myapplication.ViewAdsActivity"
100-->src\main\AndroidManifest.xml:25:13-44
101            android:exported="false"
101-->src\main\AndroidManifest.xml:27:13-37
102            android:screenOrientation="portrait" />
102-->src\main\AndroidManifest.xml:26:13-49
103        <activity
103-->src\main\AndroidManifest.xml:28:9-31:40
104            android:name="com.kimganteng.myapplication.NativeActivity"
104-->src\main\AndroidManifest.xml:29:13-43
105            android:exported="false"
105-->src\main\AndroidManifest.xml:31:13-37
106            android:screenOrientation="portrait" />
106-->src\main\AndroidManifest.xml:30:13-49
107        <activity
107-->src\main\AndroidManifest.xml:32:9-35:40
108            android:name="com.kimganteng.myapplication.BannerActivity"
108-->src\main\AndroidManifest.xml:33:13-43
109            android:exported="false"
109-->src\main\AndroidManifest.xml:35:13-37
110            android:screenOrientation="portrait" />
110-->src\main\AndroidManifest.xml:34:13-49
111        <activity
111-->src\main\AndroidManifest.xml:36:9-39:40
112            android:name="com.kimganteng.myapplication.MainActivity"
112-->src\main\AndroidManifest.xml:37:13-41
113            android:exported="false"
113-->src\main\AndroidManifest.xml:39:13-37
114            android:screenOrientation="portrait" />
114-->src\main\AndroidManifest.xml:38:13-49
115        <activity
115-->src\main\AndroidManifest.xml:40:9-49:20
116            android:name="com.kimganteng.myapplication.SplashActivity"
116-->src\main\AndroidManifest.xml:41:13-43
117            android:exported="true"
117-->src\main\AndroidManifest.xml:43:13-36
118            android:screenOrientation="portrait" >
118-->src\main\AndroidManifest.xml:42:13-49
119            <intent-filter>
119-->src\main\AndroidManifest.xml:44:13-48:29
120                <action android:name="android.intent.action.MAIN" />
120-->src\main\AndroidManifest.xml:45:17-69
120-->src\main\AndroidManifest.xml:45:25-66
121
122                <category android:name="android.intent.category.LAUNCHER" />
122-->src\main\AndroidManifest.xml:47:17-77
122-->src\main\AndroidManifest.xml:47:27-74
123            </intent-filter>
124        </activity>
125
126        <meta-data
126-->src\main\AndroidManifest.xml:51:9-53:56
127            android:name="applovin.sdk.key"
127-->src\main\AndroidManifest.xml:52:13-44
128            android:value="@string/sdk_key_applovin" />
128-->src\main\AndroidManifest.xml:53:13-53
129        <meta-data
129-->src\main\AndroidManifest.xml:54:9-56:50
130            android:name="com.google.android.gms.ads.APPLICATION_ID"
130-->src\main\AndroidManifest.xml:55:13-69
131            android:value="@string/admobappid" />
131-->src\main\AndroidManifest.xml:56:13-47
132
133        <activity
133-->[:ArmanAdsV2] AndroidManifest.xml:15:9-18:50
134            android:name="com.ironsource.sdk.controller.ControllerActivity"
134-->[:ArmanAdsV2] AndroidManifest.xml:16:13-76
135            android:configChanges="orientation|screenSize"
135-->[:ArmanAdsV2] AndroidManifest.xml:17:13-59
136            android:exported="false"
136-->[com.google.ads.mediation:ironsource:7.2.6.0] AndroidManifest.xml:13:13-37
137            android:hardwareAccelerated="true" />
137-->[:ArmanAdsV2] AndroidManifest.xml:18:13-47
138        <activity
138-->[:ArmanAdsV2] AndroidManifest.xml:19:9-23:64
139            android:name="com.ironsource.sdk.controller.InterstitialActivity"
139-->[:ArmanAdsV2] AndroidManifest.xml:20:13-78
140            android:configChanges="orientation|screenSize"
140-->[:ArmanAdsV2] AndroidManifest.xml:21:13-59
141            android:exported="false"
141-->[com.google.ads.mediation:ironsource:7.2.6.0] AndroidManifest.xml:18:13-37
142            android:hardwareAccelerated="true"
142-->[:ArmanAdsV2] AndroidManifest.xml:22:13-47
143            android:theme="@android:style/Theme.Translucent" />
143-->[:ArmanAdsV2] AndroidManifest.xml:23:13-61
144        <activity
144-->[:ArmanAdsV2] AndroidManifest.xml:24:9-28:64
145            android:name="com.ironsource.sdk.controller.OpenUrlActivity"
145-->[:ArmanAdsV2] AndroidManifest.xml:25:13-73
146            android:configChanges="orientation|screenSize"
146-->[:ArmanAdsV2] AndroidManifest.xml:26:13-59
147            android:exported="false"
147-->[com.google.ads.mediation:ironsource:7.2.6.0] AndroidManifest.xml:24:13-37
148            android:hardwareAccelerated="true"
148-->[:ArmanAdsV2] AndroidManifest.xml:27:13-47
149            android:theme="@android:style/Theme.Translucent" />
149-->[:ArmanAdsV2] AndroidManifest.xml:28:13-61
150
151        <provider
151-->[:ArmanAdsV2] AndroidManifest.xml:30:9-32:82
152            android:name="com.ironsource.lifecycle.IronsourceLifecycleProvider"
152-->[:ArmanAdsV2] AndroidManifest.xml:31:13-80
153            android:authorities="com.kimganteng.myapplication.IronsourceLifecycleProvider" />
153-->[:ArmanAdsV2] AndroidManifest.xml:32:13-79
154
155        <meta-data
155-->[:ArmanAdsV2] AndroidManifest.xml:34:9-36:69
156            android:name="com.google.android.gms.version"
156-->[:ArmanAdsV2] AndroidManifest.xml:35:13-58
157            android:value="@integer/google_play_services_version" />
157-->[:ArmanAdsV2] AndroidManifest.xml:36:13-66
158
159        <activity
159-->[:ArmanAdsV2] AndroidManifest.xml:38:9-40:125
160            android:name="com.google.android.gms.ads.AdActivity"
160-->[:ArmanAdsV2] AndroidManifest.xml:39:13-65
161            android:configChanges="keyboard|keyboardHidden|orientation|screenLayout|uiMode|screenSize|smallestScreenSize"
161-->[:ArmanAdsV2] AndroidManifest.xml:40:13-122
162            android:exported="false"
162-->[com.google.android.gms:play-services-ads-lite:21.4.0] AndroidManifest.xml:53:13-37
163            android:theme="@android:style/Theme.Translucent" />
163-->[com.google.android.gms:play-services-ads-lite:21.4.0] AndroidManifest.xml:54:13-61
164
165        <receiver
165-->[com.onesignal:OneSignal:4.8.3] AndroidManifest.xml:50:9-61:20
166            android:name="com.onesignal.FCMBroadcastReceiver"
166-->[com.onesignal:OneSignal:4.8.3] AndroidManifest.xml:51:13-62
167            android:exported="true"
167-->[com.onesignal:OneSignal:4.8.3] AndroidManifest.xml:52:13-36
168            android:permission="com.google.android.c2dm.permission.SEND" >
168-->[com.onesignal:OneSignal:4.8.3] AndroidManifest.xml:53:13-73
169
170            <!-- High priority so OneSignal payloads can be filtered from other FCM receivers -->
171            <intent-filter android:priority="999" >
171-->[com.onesignal:OneSignal:4.8.3] AndroidManifest.xml:56:13-60:29
171-->[com.onesignal:OneSignal:4.8.3] AndroidManifest.xml:56:28-50
172                <action android:name="com.google.android.c2dm.intent.RECEIVE" />
172-->[com.onesignal:OneSignal:4.8.3] AndroidManifest.xml:57:17-81
172-->[com.onesignal:OneSignal:4.8.3] AndroidManifest.xml:57:25-78
173
174                <category android:name="com.kimganteng.myapplication" />
174-->[com.onesignal:OneSignal:4.8.3] AndroidManifest.xml:59:17-61
174-->[com.onesignal:OneSignal:4.8.3] AndroidManifest.xml:59:27-58
175            </intent-filter>
176        </receiver>
177
178        <service
178-->[com.onesignal:OneSignal:4.8.3] AndroidManifest.xml:63:9-69:19
179            android:name="com.onesignal.HmsMessageServiceOneSignal"
179-->[com.onesignal:OneSignal:4.8.3] AndroidManifest.xml:64:13-68
180            android:exported="false" >
180-->[com.onesignal:OneSignal:4.8.3] AndroidManifest.xml:65:13-37
181            <intent-filter>
181-->[com.onesignal:OneSignal:4.8.3] AndroidManifest.xml:66:13-68:29
182                <action android:name="com.huawei.push.action.MESSAGING_EVENT" />
182-->[com.onesignal:OneSignal:4.8.3] AndroidManifest.xml:67:17-81
182-->[com.onesignal:OneSignal:4.8.3] AndroidManifest.xml:67:25-78
183            </intent-filter>
184        </service>
185
186        <activity
186-->[com.onesignal:OneSignal:4.8.3] AndroidManifest.xml:71:9-79:20
187            android:name="com.onesignal.NotificationOpenedActivityHMS"
187-->[com.onesignal:OneSignal:4.8.3] AndroidManifest.xml:72:13-71
188            android:exported="true"
188-->[com.onesignal:OneSignal:4.8.3] AndroidManifest.xml:73:13-36
189            android:noHistory="true"
189-->[com.onesignal:OneSignal:4.8.3] AndroidManifest.xml:74:13-37
190            android:theme="@android:style/Theme.Translucent.NoTitleBar" >
190-->[com.onesignal:OneSignal:4.8.3] AndroidManifest.xml:75:13-72
191            <intent-filter>
191-->[com.onesignal:OneSignal:4.8.3] AndroidManifest.xml:76:13-78:29
192                <action android:name="android.intent.action.VIEW" />
192-->[com.onesignal:OneSignal:4.8.3] AndroidManifest.xml:77:17-69
192-->[com.onesignal:OneSignal:4.8.3] AndroidManifest.xml:77:25-66
193            </intent-filter>
194        </activity>
195
196        <service
196-->[com.onesignal:OneSignal:4.8.3] AndroidManifest.xml:81:9-83:40
197            android:name="com.onesignal.FCMIntentService"
197-->[com.onesignal:OneSignal:4.8.3] AndroidManifest.xml:82:13-58
198            android:exported="false" />
198-->[com.onesignal:OneSignal:4.8.3] AndroidManifest.xml:83:13-37
199        <service
199-->[com.onesignal:OneSignal:4.8.3] AndroidManifest.xml:84:9-87:72
200            android:name="com.onesignal.FCMIntentJobService"
200-->[com.onesignal:OneSignal:4.8.3] AndroidManifest.xml:85:13-61
201            android:exported="false"
201-->[com.onesignal:OneSignal:4.8.3] AndroidManifest.xml:86:13-37
202            android:permission="android.permission.BIND_JOB_SERVICE" />
202-->[com.onesignal:OneSignal:4.8.3] AndroidManifest.xml:87:13-69
203        <service
203-->[com.onesignal:OneSignal:4.8.3] AndroidManifest.xml:88:9-91:43
204            android:name="com.onesignal.SyncService"
204-->[com.onesignal:OneSignal:4.8.3] AndroidManifest.xml:89:13-53
205            android:exported="false"
205-->[com.onesignal:OneSignal:4.8.3] AndroidManifest.xml:90:13-37
206            android:stopWithTask="true" />
206-->[com.onesignal:OneSignal:4.8.3] AndroidManifest.xml:91:13-40
207        <service
207-->[com.onesignal:OneSignal:4.8.3] AndroidManifest.xml:92:9-95:72
208            android:name="com.onesignal.SyncJobService"
208-->[com.onesignal:OneSignal:4.8.3] AndroidManifest.xml:93:13-56
209            android:exported="false"
209-->[com.onesignal:OneSignal:4.8.3] AndroidManifest.xml:94:13-37
210            android:permission="android.permission.BIND_JOB_SERVICE" />
210-->[com.onesignal:OneSignal:4.8.3] AndroidManifest.xml:95:13-69
211
212        <activity
212-->[com.onesignal:OneSignal:4.8.3] AndroidManifest.xml:97:9-100:75
213            android:name="com.onesignal.PermissionsActivity"
213-->[com.onesignal:OneSignal:4.8.3] AndroidManifest.xml:98:13-61
214            android:exported="false"
214-->[com.onesignal:OneSignal:4.8.3] AndroidManifest.xml:99:13-37
215            android:theme="@android:style/Theme.Translucent.NoTitleBar" />
215-->[com.onesignal:OneSignal:4.8.3] AndroidManifest.xml:100:13-72
216
217        <receiver
217-->[com.onesignal:OneSignal:4.8.3] AndroidManifest.xml:102:9-104:39
218            android:name="com.onesignal.NotificationDismissReceiver"
218-->[com.onesignal:OneSignal:4.8.3] AndroidManifest.xml:103:13-69
219            android:exported="true" />
219-->[com.onesignal:OneSignal:4.8.3] AndroidManifest.xml:104:13-36
220        <receiver
220-->[com.onesignal:OneSignal:4.8.3] AndroidManifest.xml:105:9-112:20
221            android:name="com.onesignal.BootUpReceiver"
221-->[com.onesignal:OneSignal:4.8.3] AndroidManifest.xml:106:13-56
222            android:exported="true" >
222-->[com.onesignal:OneSignal:4.8.3] AndroidManifest.xml:107:13-36
223            <intent-filter>
223-->[com.onesignal:OneSignal:4.8.3] AndroidManifest.xml:108:13-111:29
224                <action android:name="android.intent.action.BOOT_COMPLETED" />
224-->[com.onesignal:OneSignal:4.8.3] AndroidManifest.xml:109:17-79
224-->[com.onesignal:OneSignal:4.8.3] AndroidManifest.xml:109:25-76
225                <action android:name="android.intent.action.QUICKBOOT_POWERON" />
225-->[com.onesignal:OneSignal:4.8.3] AndroidManifest.xml:110:17-82
225-->[com.onesignal:OneSignal:4.8.3] AndroidManifest.xml:110:25-79
226            </intent-filter>
227        </receiver>
228        <receiver
228-->[com.onesignal:OneSignal:4.8.3] AndroidManifest.xml:113:9-119:20
229            android:name="com.onesignal.UpgradeReceiver"
229-->[com.onesignal:OneSignal:4.8.3] AndroidManifest.xml:114:13-57
230            android:exported="true" >
230-->[com.onesignal:OneSignal:4.8.3] AndroidManifest.xml:115:13-36
231            <intent-filter>
231-->[com.onesignal:OneSignal:4.8.3] AndroidManifest.xml:116:13-118:29
232                <action android:name="android.intent.action.MY_PACKAGE_REPLACED" />
232-->[com.onesignal:OneSignal:4.8.3] AndroidManifest.xml:117:17-84
232-->[com.onesignal:OneSignal:4.8.3] AndroidManifest.xml:117:25-81
233            </intent-filter>
234        </receiver>
235
236        <activity
236-->[com.onesignal:OneSignal:4.8.3] AndroidManifest.xml:121:9-127:75
237            android:name="com.onesignal.NotificationOpenedReceiver"
237-->[com.onesignal:OneSignal:4.8.3] AndroidManifest.xml:122:13-68
238            android:excludeFromRecents="true"
238-->[com.onesignal:OneSignal:4.8.3] AndroidManifest.xml:123:13-46
239            android:exported="true"
239-->[com.onesignal:OneSignal:4.8.3] AndroidManifest.xml:124:13-36
240            android:noHistory="true"
240-->[com.onesignal:OneSignal:4.8.3] AndroidManifest.xml:125:13-37
241            android:taskAffinity=""
241-->[com.onesignal:OneSignal:4.8.3] AndroidManifest.xml:126:13-36
242            android:theme="@android:style/Theme.Translucent.NoTitleBar" />
242-->[com.onesignal:OneSignal:4.8.3] AndroidManifest.xml:127:13-72
243        <activity
243-->[com.onesignal:OneSignal:4.8.3] AndroidManifest.xml:128:9-133:75
244            android:name="com.onesignal.NotificationOpenedReceiverAndroid22AndOlder"
244-->[com.onesignal:OneSignal:4.8.3] AndroidManifest.xml:129:13-85
245            android:excludeFromRecents="true"
245-->[com.onesignal:OneSignal:4.8.3] AndroidManifest.xml:130:13-46
246            android:exported="true"
246-->[com.onesignal:OneSignal:4.8.3] AndroidManifest.xml:131:13-36
247            android:noHistory="true"
247-->[com.onesignal:OneSignal:4.8.3] AndroidManifest.xml:132:13-37
248            android:theme="@android:style/Theme.Translucent.NoTitleBar" />
248-->[com.onesignal:OneSignal:4.8.3] AndroidManifest.xml:133:13-72
249
250        <provider
250-->[com.google.android.gms:play-services-ads-lite:21.4.0] AndroidManifest.xml:57:9-62:43
251            android:name="com.google.android.gms.ads.MobileAdsInitProvider"
251-->[com.google.android.gms:play-services-ads-lite:21.4.0] AndroidManifest.xml:58:13-76
252            android:authorities="com.kimganteng.myapplication.mobileadsinitprovider"
252-->[com.google.android.gms:play-services-ads-lite:21.4.0] AndroidManifest.xml:59:13-73
253            android:exported="false"
253-->[com.google.android.gms:play-services-ads-lite:21.4.0] AndroidManifest.xml:60:13-37
254            android:initOrder="100" />
254-->[com.google.android.gms:play-services-ads-lite:21.4.0] AndroidManifest.xml:61:13-36
255
256        <service
256-->[com.google.android.gms:play-services-ads-lite:21.4.0] AndroidManifest.xml:64:9-68:43
257            android:name="com.google.android.gms.ads.AdService"
257-->[com.google.android.gms:play-services-ads-lite:21.4.0] AndroidManifest.xml:65:13-64
258            android:enabled="true"
258-->[com.google.android.gms:play-services-ads-lite:21.4.0] AndroidManifest.xml:66:13-35
259            android:exported="false" />
259-->[com.google.android.gms:play-services-ads-lite:21.4.0] AndroidManifest.xml:67:13-37
260
261        <activity
261-->[com.google.android.gms:play-services-ads-lite:21.4.0] AndroidManifest.xml:70:9-74:43
262            android:name="com.google.android.gms.ads.OutOfContextTestingActivity"
262-->[com.google.android.gms:play-services-ads-lite:21.4.0] AndroidManifest.xml:71:13-82
263            android:configChanges="keyboard|keyboardHidden|orientation|screenLayout|uiMode|screenSize|smallestScreenSize"
263-->[com.google.android.gms:play-services-ads-lite:21.4.0] AndroidManifest.xml:72:13-122
264            android:exported="false" />
264-->[com.google.android.gms:play-services-ads-lite:21.4.0] AndroidManifest.xml:73:13-37
265
266        <provider
266-->[androidx.work:work-runtime:2.7.1] AndroidManifest.xml:31:9-39:20
267            android:name="androidx.startup.InitializationProvider"
267-->[androidx.work:work-runtime:2.7.1] AndroidManifest.xml:32:13-67
268            android:authorities="com.kimganteng.myapplication.androidx-startup"
268-->[androidx.work:work-runtime:2.7.1] AndroidManifest.xml:33:13-68
269            android:exported="false" >
269-->[androidx.work:work-runtime:2.7.1] AndroidManifest.xml:34:13-37
270            <meta-data
270-->[androidx.work:work-runtime:2.7.1] AndroidManifest.xml:36:13-38:52
271                android:name="androidx.work.WorkManagerInitializer"
271-->[androidx.work:work-runtime:2.7.1] AndroidManifest.xml:37:17-68
272                android:value="androidx.startup" />
272-->[androidx.work:work-runtime:2.7.1] AndroidManifest.xml:38:17-49
273            <meta-data
273-->[androidx.emoji2:emoji2:1.0.0] AndroidManifest.xml:31:13-33:52
274                android:name="androidx.emoji2.text.EmojiCompatInitializer"
274-->[androidx.emoji2:emoji2:1.0.0] AndroidManifest.xml:32:17-75
275                android:value="androidx.startup" />
275-->[androidx.emoji2:emoji2:1.0.0] AndroidManifest.xml:33:17-49
276            <meta-data
276-->[androidx.lifecycle:lifecycle-process:2.5.1] AndroidManifest.xml:31:13-33:52
277                android:name="androidx.lifecycle.ProcessLifecycleInitializer"
277-->[androidx.lifecycle:lifecycle-process:2.5.1] AndroidManifest.xml:32:17-78
278                android:value="androidx.startup" />